app/build/intermediates/manifest_merge_blame_file/debug/manifest-merger-blame-debug-report.txt
1<?xml version="1.0" encoding="utf-8"?>
2<manifest xmlns:android="http://schemas.android.com/apk/res/android"
3    package="com.aqeelzafar.universalguidesfinal"
4    android:versionCode="1"
5    android:versionName="1.0" >
6
7    <uses-sdk
8        android:minSdkVersion="15"
8-->src\main\AndroidManifest.xml
9        android:targetSdkVersion="29" />
9-->src\main\AndroidManifest.xml
10
11    <uses-permission android:name="android.permission.ACCESS_NETWORK_STATE" />
11-->[com.google.firebase:firebase-firestore:17.1.2] AndroidManifest.xml:10:5-79
11-->[com.google.firebase:firebase-firestore:17.1.2] AndroidManifest.xml:10:22-76
12    <uses-permission android:name="android.permission.INTERNET" />
12-->[com.google.firebase:firebase-firestore:17.1.2] AndroidManifest.xml:11:5-67
12-->[com.google.firebase:firebase-firestore:17.1.2] AndroidManifest.xml:11:22-64
13    <uses-permission android:name="android.permission.WAKE_LOCK" />
13-->[com.google.android.gms:play-services-measurement:17.0.0] AndroidManifest.xml:25:5-68
13-->[com.google.android.gms:play-services-measurement:17.0.0] AndroidManifest.xml:25:22-65
14    <uses-permission android:name="com.google.android.finsky.permission.BIND_GET_INSTALL_REFERRER_SERVICE" />
14-->[com.google.android.gms:play-services-measurement:17.0.0] AndroidManifest.xml:26:5-110
14-->[com.google.android.gms:play-services-measurement:17.0.0] AndroidManifest.xml:26:22-107
15
16    <application
16-->src\main\AndroidManifest.xml:5:5-30:19
17        android:name="com.aqeelzafar.universalguidesfinal.Utility.MyApllication"
17-->src\main\AndroidManifest.xml:6:9-46
18        android:allowBackup="true"
18-->src\main\AndroidManifest.xml:7:9-35
19        android:appComponentFactory="androidx.core.app.CoreComponentFactory"
19-->[androidx.core:core:1.0.1] AndroidManifest.xml:22:18-86
20        android:debuggable="true"
21        android:icon="@mipmap/ic_launcher"
21-->src\main\AndroidManifest.xml:8:9-43
22        android:label="@string/app_name"
22-->src\main\AndroidManifest.xml:9:9-41
23        android:roundIcon="@mipmap/ic_launcher_round"
23-->src\main\AndroidManifest.xml:10:9-54
24        android:supportsRtl="true"
24-->src\main\AndroidManifest.xml:11:9-35
25        android:theme="@style/AppTheme" >
25-->src\main\AndroidManifest.xml:12:9-40
26        <activity android:name="com.aqeelzafar.universalguidesfinal.StartActivity" />
26-->src\main\AndroidManifest.xml:13:9-60
26-->src\main\AndroidManifest.xml:13:19-48
27        <activity android:name="com.aqeelzafar.universalguidesfinal.TempActivity" />
27-->src\main\AndroidManifest.xml:14:9-50
27-->src\main\AndroidManifest.xml:14:19-47
28        <activity android:name="com.aqeelzafar.universalguidesfinal.PicturesActivity" />
28-->src\main\AndroidManifest.xml:15:9-54
28-->src\main\AndroidManifest.xml:15:19-51
29        <activity android:name="com.aqeelzafar.universalguidesfinal.ChaptersActivity" />
29-->src\main\AndroidManifest.xml:16:9-54
29-->src\main\AndroidManifest.xml:16:19-51
30
31        <meta-data
31-->src\main\AndroidManifest.xml:18:9-20:70
32            android:name="com.google.android.gms.ads.APPLICATION_ID"
32-->src\main\AndroidManifest.xml:19:13-69
33            android:value="ca-app-pub-3940256099942544~3347511713" />
33-->src\main\AndroidManifest.xml:20:13-67
34
35        <activity android:name="com.aqeelzafar.universalguidesfinal.SubjectsActivity" />
35-->src\main\AndroidManifest.xml:22:9-54
35-->src\main\AndroidManifest.xml:22:19-51
36        <activity android:name="com.aqeelzafar.universalguidesfinal.MainActivity" >
36-->src\main\AndroidManifest.xml:23:9-29:20
36-->src\main\AndroidManifest.xml:23:19-47
37            <intent-filter>
37-->src\main\AndroidManifest.xml:24:13-28:29
38                <action android:name="android.intent.action.MAIN" />
38-->src\main\AndroidManifest.xml:25:17-69
38-->src\main\AndroidManifest.xml:25:25-66
39
40                <category android:name="android.intent.category.LAUNCHER" />
40-->src\main\AndroidManifest.xml:27:17-77
40-->src\main\AndroidManifest.xml:27:27-74
41            </intent-filter>
42        </activity>
43        <activity
43-->[com.github.wailbabou:OImagesSlider:v1.0.1-beta] AndroidManifest.xml:12:9-14:66
44            android:name="app.slider.imagesliderlib.OSliderActivity"
44-->[com.github.wailbabou:OImagesSlider:v1.0.1-beta] AndroidManifest.xml:13:13-69
45            android:theme="@style/Theme.AppCompat.NoActionBar" />
45-->[com.github.wailbabou:OImagesSlider:v1.0.1-beta] AndroidManifest.xml:14:13-63
46
47        <service android:name="com.google.firebase.components.ComponentDiscoveryService" >
47-->[com.google.firebase:firebase-firestore:17.1.2] AndroidManifest.xml:14:9-18:19
47-->[com.google.firebase:firebase-firestore:17.1.2] AndroidManifest.xml:14:18-89
48            <meta-data
48-->[com.google.firebase:firebase-firestore:17.1.2] AndroidManifest.xml:15:13-17:85
49                android:name="com.google.firebase.components:com.google.firebase.firestore.FirestoreRegistrar"
49-->[com.google.firebase:firebase-firestore:17.1.2] AndroidManifest.xml:16:17-111
50                android:value="com.google.firebase.components.ComponentRegistrar" />
50-->[com.google.firebase:firebase-firestore:17.1.2] AndroidManifest.xml:17:17-82
51        </service>
52
53        <activity
53-->[com.google.android.gms:play-services-base:16.0.1] AndroidManifest.xml:23:9-26:75
54            android:name="com.google.android.gms.common.api.GoogleApiActivity"
54-->[com.google.android.gms:play-services-base:16.0.1] AndroidManifest.xml:24:13-79
55            android:exported="false"
55-->[com.google.android.gms:play-services-base:16.0.1] AndroidManifest.xml:25:13-37
56            android:theme="@android:style/Theme.Translucent.NoTitleBar" />
56-->[com.google.android.gms:play-services-base:16.0.1] AndroidManifest.xml:26:13-72
57
58        <provider
58-->[com.google.firebase:firebase-common:16.0.3] AndroidManifest.xml:10:9-14:39
59            android:name="com.google.firebase.provider.FirebaseInitProvider"
59-->[com.google.firebase:firebase-common:16.0.3] AndroidManifest.xml:11:13-77
60            android:authorities="com.aqeelzafar.universalguidesfinal.firebaseinitprovider"
60-->[com.google.firebase:firebase-common:16.0.3] AndroidManifest.xml:12:13-72
61            android:exported="false"
61-->[com.google.firebase:firebase-common:16.0.3] AndroidManifest.xml:13:13-37
62            android:initOrder="100" /> <!-- Include the AdActivity and InAppPurchaseActivity configChanges and themes. -->
62-->[com.google.firebase:firebase-common:16.0.3] AndroidManifest.xml:14:13-36
63        <activity
63-->[com.google.android.gms:play-services-ads-lite:18.1.1] AndroidManifest.xml:29:9-33:64
64            android:name="com.google.android.gms.ads.AdActivity"
64-->[com.google.android.gms:play-services-ads-lite:18.1.1] AndroidManifest.xml:30:13-65
65            android:configChanges="keyboard|keyboardHidden|orientation|screenLayout|uiMode|screenSize|smallestScreenSize"
65-->[com.google.android.gms:play-services-ads-lite:18.1.1] AndroidManifest.xml:31:13-122
66            android:exported="false"
66-->[com.google.android.gms:play-services-ads-lite:18.1.1] AndroidManifest.xml:32:13-37
67            android:theme="@android:style/Theme.Translucent" />
67-->[com.google.android.gms:play-services-ads-lite:18.1.1] AndroidManifest.xml:33:13-61
68
69        <provider
69-->[com.google.android.gms:play-services-ads-lite:18.1.1] AndroidManifest.xml:35:9-39:39
70            android:name="com.google.android.gms.ads.MobileAdsInitProvider"
70-->[com.google.android.gms:play-services-ads-lite:18.1.1] AndroidManifest.xml:36:13-76
71            android:authorities="com.aqeelzafar.universalguidesfinal.mobileadsinitprovider"
71-->[com.google.android.gms:play-services-ads-lite:18.1.1] AndroidManifest.xml:37:13-73
72            android:exported="false"
72-->[com.google.android.gms:play-services-ads-lite:18.1.1] AndroidManifest.xml:38:13-37
73            android:initOrder="100" />
73-->[com.google.android.gms:play-services-ads-lite:18.1.1] AndroidManifest.xml:39:13-36
74
75        <receiver
75-->[com.google.android.gms:play-services-measurement:17.0.0] AndroidManifest.xml:29:9-33:20
76            android:name="com.google.android.gms.measurement.AppMeasurementReceiver"
76-->[com.google.android.gms:play-services-measurement:17.0.0] AndroidManifest.xml:30:13-85
77            android:enabled="true"
77-->[com.google.android.gms:play-services-measurement:17.0.0] AndroidManifest.xml:31:13-35
78            android:exported="false" >
78-->[com.google.android.gms:play-services-measurement:17.0.0] AndroidManifest.xml:32:13-37
79        </receiver>
80        <receiver
80-->[com.google.android.gms:play-services-measurement:17.0.0] AndroidManifest.xml:34:9-42:20
81            android:name="com.google.android.gms.measurement.AppMeasurementInstallReferrerReceiver"
81-->[com.google.android.gms:play-services-measurement:17.0.0] AndroidManifest.xml:35:13-100
82            android:enabled="true"
82-->[com.google.android.gms:play-services-measurement:17.0.0] AndroidManifest.xml:36:13-35
83            android:exported="true"
83-->[com.google.android.gms:play-services-measurement:17.0.0] AndroidManifest.xml:37:13-36
84            android:permission="android.permission.INSTALL_PACKAGES" >
84-->[com.google.android.gms:play-services-measurement:17.0.0] AndroidManifest.xml:38:13-69
85            <intent-filter>
85-->[com.google.android.gms:play-services-measurement:17.0.0] AndroidManifest.xml:39:13-41:29
86                <action android:name="com.android.vending.INSTALL_REFERRER" />
86-->[com.google.android.gms:play-services-measurement:17.0.0] AndroidManifest.xml:40:17-79
86-->[com.google.android.gms:play-services-measurement:17.0.0] AndroidManifest.xml:40:25-76
87            </intent-filter>
88        </receiver>
89
90        <service
90-->[com.google.android.gms:play-services-measurement:17.0.0] AndroidManifest.xml:44:9-47:40
91            android:name="com.google.android.gms.measurement.AppMeasurementService"
91-->[com.google.android.gms:play-services-measurement:17.0.0] AndroidManifest.xml:45:13-84
92            android:enabled="true"
92-->[com.google.android.gms:play-services-measurement:17.0.0] AndroidManifest.xml:46:13-35
93            android:exported="false" />
93-->[com.google.android.gms:play-services-measurement:17.0.0] AndroidManifest.xml:47:13-37
94        <service
94-->[com.google.android.gms:play-services-measurement:17.0.0] AndroidManifest.xml:48:9-52:72
95            android:name="com.google.android.gms.measurement.AppMeasurementJobService"
95-->[com.google.android.gms:play-services-measurement:17.0.0] AndroidManifest.xml:49:13-87
96            android:enabled="true"
96-->[com.google.android.gms:play-services-measurement:17.0.0] AndroidManifest.xml:50:13-35
97            android:exported="false"
97-->[com.google.android.gms:play-services-measurement:17.0.0] AndroidManifest.xml:51:13-37
98            android:permission="android.permission.BIND_JOB_SERVICE" />
98-->[com.google.android.gms:play-services-measurement:17.0.0] AndroidManifest.xml:52:13-69
99
100        <meta-data
100-->[com.google.android.gms:play-services-basement:17.0.0] AndroidManifest.xml:23:9-25:69
101            android:name="com.google.android.gms.version"
101-->[com.google.android.gms:play-services-basement:17.0.0] AndroidManifest.xml:24:13-58
102            android:value="@integer/google_play_services_version" />
102-->[com.google.android.gms:play-services-basement:17.0.0] AndroidManifest.xml:25:13-66
103    </application>
104
105</manifest>